<?xml version="1.0" encoding="UTF-8"?>
<!-- Generated by org.testng.reporters.JUnitXMLReporter -->
<testsuite hostname="Naveen-PC" ignored="0" name="Default test" tests="3" failures="0" timestamp="20 Jan 2019 21:01:16 GMT" time="0.056" errors="0">
  <testcase name="Test1" time="0.014" classname="listenerTest.ParallelTest"/>
  <testcase name="Test1" time="0.016" classname="listenerTest.ParallelTest"/>
  <testcase name="Test2" time="0.001" classname="listenerTest.ParallelTest"/>
</testsuite> <!-- Default test -->
