<?xml version="1.0" encoding="UTF-8"?>
<testng-results skipped="0" failed="0" ignored="0" total="3" passed="3">
  <reporter-output>
  </reporter-output>
  <suite name="Default suite" duration-ms="56" started-at="2019-01-20T21:01:16Z" finished-at="2019-01-20T21:01:16Z">
    <groups>
    </groups>
    <test name="Default test" duration-ms="56" started-at="2019-01-20T21:01:16Z" finished-at="2019-01-20T21:01:16Z">
      <class name="listenerTest.ParallelTest">
        <test-method status="PASS" signature="Test1()[pri:0, instance:listenerTest.ParallelTest@5faeada1]" name="Test1" duration-ms="16" started-at="2019-01-20T21:01:16Z" finished-at="2019-01-20T21:01:16Z">
          <reporter-output>
          </reporter-output>
        </test-method> <!-- Test1 -->
        <test-method status="PASS" signature="Test1()[pri:0, instance:listenerTest.ParallelTest@5faeada1]" name="Test1" duration-ms="14" started-at="2019-01-20T21:01:16Z" finished-at="2019-01-20T21:01:16Z">
          <reporter-output>
          </reporter-output>
        </test-method> <!-- Test1 -->
        <test-method status="PASS" signature="Test2()[pri:0, instance:listenerTest.ParallelTest@5faeada1]" name="Test2" duration-ms="1" started-at="2019-01-20T21:01:16Z" finished-at="2019-01-20T21:01:16Z">
          <reporter-output>
          </reporter-output>
        </test-method> <!-- Test2 -->
      </class> <!-- listenerTest.ParallelTest -->
    </test> <!-- Default test -->
  </suite> <!-- Default suite -->
</testng-results>
